<?xml version="1.0" encoding="UTF-8"?>
<!-- Generated by org.testng.reporters.JUnitXMLReporter -->
<testsuite ignored="1" hostname="DESKTOP-U33MU1L" failures="1" tests="1" name="Test" time="30.465" errors="0" timestamp="2024-06-27T20:04:56 IST">
  <testcase classname="sequential.Login" name="logInFailed" time="16.672">
    <failure type="java.lang.NullPointerException" message="Cannot invoke &amp;quot;org.openqa.selenium.TakesScreenshot.getScreenshotAs(org.openqa.selenium.OutputType)&amp;quot; because &amp;quot;scrShot&amp;quot; is null">
      <![CDATA[java.lang.NullPointerException: Cannot invoke "org.openqa.selenium.TakesScreenshot.getScreenshotAs(org.openqa.selenium.OutputType)" because "scrShot" is null
at webDriverUtility.DriverManager.screenshot(DriverManager.java:53)
at testNGUtility.Retry.retry(Retry.java:24)
at java.base/java.util.ArrayList.forEach(ArrayList.java:1511)
... Removed 23 stack frames]]>
    </failure>
  </testcase> <!-- logInFailed -->
  <testcase classname="sequential.Login" name="logIn" time="0.0">
    <ignored/>
  </testcase> <!-- logIn -->
</testsuite> <!-- Test -->
