<?xml version="1.0" encoding="UTF-8"?>
<testng-results ignored="0" total="1" passed="1" failed="0" skipped="0">
  <reporter-output>
  </reporter-output>
  <suite started-at="2024-07-02T21:23:49 IST" name="Default suite" finished-at="2024-07-02T21:24:03 IST" duration-ms="14212">
    <groups>
    </groups>
    <test started-at="2024-07-02T21:23:49 IST" name="Default test" finished-at="2024-07-02T21:24:03 IST" duration-ms="14212">
      <class name="parallelTestCases.Login">
        <test-method is-config="true" signature="beforeMethod()[pri:0, instance:parallelTestCases.Login@4135c3b]" started-at="2024-07-02T21:23:49 IST" name="beforeMethod" finished-at="2024-07-02T21:24:00 IST" duration-ms="10609" status="PASS">
          <reporter-output>
          </reporter-output>
        </test-method> <!-- beforeMethod -->
        <test-method signature="logIn()[pri:1, instance:parallelTestCases.Login@4135c3b]" started-at="2024-07-02T21:24:00 IST" name="logIn" finished-at="2024-07-02T21:24:03 IST" duration-ms="3530" status="PASS">
          <reporter-output>
          </reporter-output>
        </test-method> <!-- logIn -->
        <test-method is-config="true" signature="afterMethod()[pri:0, instance:parallelTestCases.Login@4135c3b]" started-at="2024-07-02T21:24:03 IST" name="afterMethod" finished-at="2024-07-02T21:24:03 IST" duration-ms="0" status="PASS">
          <reporter-output>
          </reporter-output>
        </test-method> <!-- afterMethod -->
      </class> <!-- parallelTestCases.Login -->
    </test> <!-- Default test -->
  </suite> <!-- Default suite -->
</testng-results>
